<?xml version="1.0" encoding="UTF-8"?>
<testng-results ignored="0" total="0" passed="0" failed="0" skipped="0">
  <reporter-output>
  </reporter-output>
  <suite started-at="2023-09-27T15:48:11 UTC" name="Surefire suite" finished-at="2023-09-27T15:49:30 UTC" duration-ms="79111">
    <groups>
    </groups>
    <test started-at="2023-09-27T15:48:11 UTC" name="Surefire test" finished-at="2023-09-27T15:49:30 UTC" duration-ms="79111">
    </test> <!-- Surefire test -->
  </suite> <!-- Surefire suite -->
</testng-results>
