<?xml version="1.0" encoding="UTF-8"?>
<testng-results ignored="0" total="1" passed="1" failed="0" skipped="0">
  <reporter-output>
  </reporter-output>
  <suite started-at="2023-09-28T03:42:16 UTC" name="Surefire suite" finished-at="2023-09-28T03:42:47 UTC" duration-ms="30525">
    <groups>
    </groups>
    <test started-at="2023-09-28T03:42:16 UTC" name="Surefire test" finished-at="2023-09-28T03:42:47 UTC" duration-ms="30525">
      <class name="runner.Testcase1">
        <test-method signature="tc_001() throws java.lang.Throwable" started-at="2023-09-28T03:42:16 UTC" name="tc_001" finished-at="2023-09-28T03:42:46 UTC" duration-ms="29465" status="PASS">
          <reporter-output>
          </reporter-output>
        </test-method> <!-- tc_001 -->
      </class> <!-- runner.Testcase1 -->
    </test> <!-- Surefire test -->
  </suite> <!-- Surefire suite -->
</testng-results>
